<<<<<<< Updated upstream
﻿Build started 4/20/2015 6:20:42 PM.
Project "C:\Users\henrymound\Documents\GitHub\Programming-In-C\Unit 16\robot_example\robot_example\robot_example.vcxproj" on node 2 (Build target(s)).
ClCompile:
  C:\Program Files (x86)\Microsoft Visual Studio 12.0\VC\bin\CL.exe /c /I"C:\Users\henrymound\Documents\GitHub\Programming-In-C\Unit 16\robot_example\robot_example\include" /ZI /nologo /W3 /WX- /sdl /Od /Oy- /D _MBCS /Gm /EHsc /RTC1 /MD /GS /fp:precise /Zc:wchar_t /Zc:forScope /Fo"Debug\\" /Fd"Debug\vc120.pdb" /Gd /TP /analyze- /errorReport:prompt example.cpp glwindow.cpp main.cpp robot.cpp
  robot.cpp
  main.cpp
  glwindow.cpp
  example.cpp
  Generating Code...
Link:
  C:\Program Files (x86)\Microsoft Visual Studio 12.0\VC\bin\link.exe /ERRORREPORT:PROMPT /OUT:"C:\Users\henrymound\Documents\GitHub\Programming-In-C\Unit 16\robot_example\Debug\robot_example.exe" /INCREMENTAL /NOLOGO OPENGL32.lib GLU32.lib kernel32.lib user32.lib gdi32.lib winspool.lib comdlg32.lib advapi32.lib shell32.lib ole32.lib oleaut32.lib uuid.lib odbc32.lib odbccp32.lib /MANIFEST /MANIFESTUAC:"level='asInvoker' uiAccess='false'" /manifest:embed /DEBUG /PDB:"C:\Users\henrymound\Documents\GitHub\Programming-In-C\Unit 16\robot_example\Debug\robot_example.pdb" /SUBSYSTEM:WINDOWS /TLBID:1 /DYNAMICBASE /NXCOMPAT /IMPLIB:"C:\Users\henrymound\Documents\GitHub\Programming-In-C\Unit 16\robot_example\Debug\robot_example.lib" /MACHINE:X86 Debug\example.obj
  Debug\glwindow.obj
  Debug\main.obj
  Debug\robot.obj
  robot_example.vcxproj -> C:\Users\henrymound\Documents\GitHub\Programming-In-C\Unit 16\robot_example\Debug\robot_example.exe
Done Building Project "C:\Users\henrymound\Documents\GitHub\Programming-In-C\Unit 16\robot_example\robot_example\robot_example.vcxproj" (Build target(s)).
=======
﻿Build started 3/27/2015 7:01:59 AM.
Project "\\psf\Home\Documents\GitHub\Programming-In-C\Unit 16\robot_example\robot_example\robot_example.vcxproj" on node 2 (Build target(s)).
ClCompile:
  C:\Program Files (x86)\Microsoft Visual Studio 12.0\VC\bin\CL.exe /c /I"C:\GitHub\Programming-In-C\Unit 16\robot_example\robot_example\include" /ZI /nologo /W3 /WX- /sdl /Od /Oy- /D _MBCS /Gm /EHsc /RTC1 /MD /GS /fp:precise /Zc:wchar_t /Zc:forScope /Fo"Debug\\" /Fd"Debug\vc120.pdb" /Gd /TP /analyze- /errorReport:prompt example.cpp glwindow.cpp main.cpp robot.cpp
  robot.cpp
\\psf\home\documents\github\programming-in-c\unit 16\robot_example\robot_example\robot.cpp(9): fatal error C1083: Cannot open include file: 'robot.h': No such file or directory
  main.cpp
\\psf\home\documents\github\programming-in-c\unit 16\robot_example\robot_example\main.cpp(8): fatal error C1083: Cannot open include file: 'glwindow.h': No such file or directory
  glwindow.cpp
\\psf\home\documents\github\programming-in-c\unit 16\robot_example\robot_example\glwindow.cpp(5): fatal error C1083: Cannot open include file: 'wglext.h': No such file or directory
  example.cpp
\\psf\home\documents\github\programming-in-c\unit 16\robot_example\robot_example\example.cpp(8): fatal error C1083: Cannot open include file: 'glext.h': No such file or directory
  Generating Code...
Done Building Project "\\psf\Home\Documents\GitHub\Programming-In-C\Unit 16\robot_example\robot_example\robot_example.vcxproj" (Build target(s)) -- FAILED.
>>>>>>> Stashed changes

Build FAILED.

<<<<<<< Updated upstream
Time Elapsed 00:00:15.42
=======
Time Elapsed 00:00:14.53
>>>>>>> Stashed changes
